<?xml version="1.0" encoding="UTF-8"?>
<testng-results ignored="1" total="2" passed="1" failed="0" skipped="0">
  <reporter-output>
  </reporter-output>
  <suite started-at="2022-07-06T20:34:03 IST" name="Default suite" finished-at="2022-07-06T20:34:41 IST" duration-ms="38119">
    <groups>
    </groups>
    <test started-at="2022-07-06T20:34:03 IST" name="Default test" finished-at="2022-07-06T20:34:41 IST" duration-ms="38119">
      <class name="dalalStreetTest.TestExecution">
        <test-method is-config="true" signature="f()[pri:0, instance:dalalStreetTest.TestExecution@245b4bdc]" started-at="2022-07-06T20:34:03 IST" name="f" finished-at="2022-07-06T20:34:22 IST" duration-ms="19235" status="PASS">
          <reporter-output>
          </reporter-output>
        </test-method> <!-- f -->
        <test-method signature="sell()[pri:2, instance:dalalStreetTest.TestExecution@245b4bdc]" started-at="2022-07-06T20:34:22 IST" name="sell" finished-at="2022-07-06T20:34:37 IST" duration-ms="14498" status="PASS">
          <reporter-output>
          </reporter-output>
        </test-method> <!-- sell -->
        <test-method is-config="true" signature="quit()[pri:0, instance:dalalStreetTest.TestExecution@245b4bdc]" started-at="2022-07-06T20:34:37 IST" name="quit" finished-at="2022-07-06T20:34:41 IST" duration-ms="4319" status="PASS">
          <reporter-output>
          </reporter-output>
        </test-method> <!-- quit -->
      </class> <!-- dalalStreetTest.TestExecution -->
    </test> <!-- Default test -->
  </suite> <!-- Default suite -->
</testng-results>
